<?xml version="1.0" encoding="UTF-8"?>
<testng-results skipped="0" failed="0" total="1" passed="1">
  <reporter-output>
  </reporter-output>
  <suite name="Suite1" duration-ms="76250" started-at="2016-09-06T14:43:37Z" finished-at="2016-09-06T14:44:53Z">
    <groups>
    </groups>
    <test name="Node_2" duration-ms="76250" started-at="2016-09-06T14:43:37Z" finished-at="2016-09-06T14:44:53Z">
      <class name="com.gmail.tests.ParameterSample">
        <test-method status="PASS" signature="SetUpFF()[pri:0, instance:com.gmail.tests.ParameterSample@7d417077]" name="SetUpFF" is-config="true" duration-ms="23996" started-at="2016-09-06T15:43:37Z" finished-at="2016-09-06T15:44:01Z">
          <reporter-output>
          </reporter-output>
        </test-method> <!-- SetUpFF -->
        <test-method status="PASS" signature="Test_SignInToEnteringEmailWithFF()[pri:0, instance:com.gmail.tests.ParameterSample@7d417077]" name="Test_SignInToEnteringEmailWithFF" duration-ms="52193" started-at="2016-09-06T15:44:01Z" finished-at="2016-09-06T15:44:53Z">
          <reporter-output>
          </reporter-output>
        </test-method> <!-- Test_SignInToEnteringEmailWithFF -->
      </class> <!-- com.gmail.tests.ParameterSample -->
    </test> <!-- Node_2 -->
  </suite> <!-- Suite1 -->
</testng-results>
