<?xml version="1.0" encoding="UTF-8"?>
<!-- Generated by org.testng.reporters.JUnitXMLReporter -->
<testsuite hostname="DrSupancomputer" name="Default test" tests="1" failures="0" timestamp="20 Sep 2016 08:08:50 GMT" time="64.063" errors="0">
  <testcase name="@BeforeClass SetUpFF" time="0.0" classname="com.gmail.tests.ParameterSample">
    <failure type="org.openqa.selenium.WebDriverException" message="Failed to connect to binary FirefoxBinary(C:\Program Files (x86)\Mozilla Firefox\firefox.exe) on port 7055; process output follows: 
ns&amp;quot;:[{&amp;quot;id&amp;quot;:&amp;quot;{ec8030f7-c20a-464f-9b0e-13a3a9e97384}&amp;quot;,&amp;quot;minVersion&amp;quot;:&amp;quot;3.0&amp;quot;,&amp;quot;maxVersion&amp;quot;:&amp;quot;3.9&amp;quot;}],&amp;quot;targetPlatforms&amp;quot;:[],&amp;quot;multiprocessCompatible&amp;quot;:false,&amp;quot;signedState&amp;quot;:0}
1474358901724	addons.xpi	DEBUG	New add-on {27182e60-b5f3-411c-b545-b44205977502} installed in winreg-app-global
1474358901802	addons.xpi	WARN	Disabling foreign installed add-on {27182e60-b5f3-411c-b545-b44205977502} in winreg-app-global
1474358901802	addons.xpi-utils	DEBUG	Make addon winreg-app-global:{27182e60-b5f3-411c-b545-b44205977502} visible
1474358901803	DeferredSave.extensions.json	DEBUG	Save changes
1474358901803	DeferredSave.extensions.json	DEBUG	Save changes
1474358901803	addons.xpi	DEBUG	Updating XPIState for {&amp;quot;id&amp;quot;:&amp;quot;{27182e60-b5f3-411c-b545-b44205977502}&amp;quot;,&amp;quot;syncGUID&amp;quot;:&amp;quot;tD5t9s1jLYB9&amp;quot;,&amp;quot;location&amp;quot;:&amp;quot;winreg-app-global&amp;quot;,&amp;quot;version&amp;quot;:&amp;quot;1.0&amp;quot;,&amp;quot;type&amp;quot;:&amp;quot;extension&amp;quot;,&amp;quot;internalName&amp;quot;:null,&amp;quot;updateURL&amp;quot;:null,&amp;quot;updateKey&amp;quot;:null,&amp;quot;optionsURL&amp;quot;:null,&amp;quot;optionsType&amp;quot;:null,&amp;quot;aboutURL&amp;quot;:null,&amp;quot;iconURL&amp;quot;:null,&amp;quot;icon64URL&amp;quot;:null,&amp;quot;defaultLocale&amp;quot;:{&amp;quot;name&amp;quot;:&amp;quot;Search Helper Extension&amp;quot;,&amp;quot;description&amp;quot;:&amp;quot;Search Helper Extension&amp;quot;,&amp;quot;creator&amp;quot;:&amp;quot;Microsoft Corporation&amp;quot;,&amp;quot;homepageURL&amp;quot;:&amp;quot;http://www.microsoft.com&amp;quot;},&amp;quot;visible&amp;quot;:true,&amp;quot;active&amp;quot;:false,&amp;quot;userDisabled&amp;quot;:true,&amp;quot;appDisabled&amp;quot;:true,&amp;quot;descriptor&amp;quot;:&amp;quot;C:\\Program Files (x86)\\Microsoft\\Search Enhancement Pack\\Search Helper\\firefoxextension\\SearchHelperExtension&amp;quot;,&amp;quot;installDate&amp;quot;:1283362070357,&amp;quot;updateDate&amp;quot;:1283362070357,&amp;quot;applyBackgroundUpdates&amp;quot;:1,&amp;quot;bootstrap&amp;quot;:false,&amp;quot;size&amp;quot;:241230,&amp;quot;sourceURI&amp;quot;:null,&amp;quot;releaseNotesURI&amp;quot;:null,&amp;quot;softDisabled&amp;quot;:false,&amp;quot;foreignInstall&amp;quot;:true,&amp;quot;hasBinaryComponents&amp;quot;:false,&amp;quot;strictCompatibility&amp;quot;:false,&amp;quot;locales&amp;quot;:[],&amp;quot;targetApplications&amp;quot;:[{&amp;quot;id&amp;quot;:&amp;quot;{ec8030f7-c20a-464f-9b0e-13a3a9e97384}&amp;quot;,&amp;quot;minVersion&amp;quot;:&amp;quot;3.0&amp;quot;,&amp;quot;maxVersion&amp;quot;:&amp;quot;3.*&amp;quot;}],&amp;quot;targetPlatforms&amp;quot;:[],&amp;quot;multiprocessCompatible&amp;quot;:false,&amp;quot;signedState&amp;quot;:0}
1474358901804	addons.xpi	DEBUG	Updating database with changes to installed add-ons
1474358901804	addons.xpi-utils	DEBUG	Updating add-on states
1474358901805	addons.xpi-utils	DEBUG	Writing add-ons list
1474358901971	addons.manager	DEBUG	Registering shutdown blocker for XPIProvider
1474358901971	addons.manager	DEBUG	Provider finished startup: XPIProvider
1474358901971	addons.manager	DEBUG	Starting provider: LightweightThemeManager
1474358901972	addons.manager	DEBUG	Registering shutdown blocker for LightweightThemeManager
1474358901972	addons.manager	DEBUG	Provider finished startup: LightweightThemeManager
1474358901973	addons.manager	DEBUG	Starting provider: GMPProvider
1474358902051	addons.manager	DEBUG	Registering shutdown blocker for GMPProvider
1474358902053	addons.manager	DEBUG	Provider finished startup: GMPProvider
1474358902054	addons.manager	DEBUG	Starting provider: PluginProvider
1474358902054	addons.manager	DEBUG	Registering shutdown blocker for PluginProvider
1474358902055	addons.manager	DEBUG	Provider finished startup: PluginProvider
1474358902055	addons.manager	DEBUG	Completed startup sequence
1474358912374	addons.manager	DEBUG	Starting provider: &amp;lt;unnamed-provider&amp;gt;
1474358912374	addons.manager	DEBUG	Registering shutdown blocker for &amp;lt;unnamed-provider&amp;gt;
1474358912375	addons.manager	DEBUG	Provider finished startup: &amp;lt;unnamed-provider&amp;gt;
1474358915780	DeferredSave.extensions.json	DEBUG	Write succeeded
1474358915780	addons.xpi-utils	DEBUG	XPI Database saved, setting schema version preference to 17
1474358915780	DeferredSave.extensions.json	DEBUG	Starting timer
1474358915798	addons.repository	DEBUG	No addons.json found.
1474358915822	DeferredSave.addons.json	DEBUG	Save changes
1474358915849	DeferredSave.addons.json	DEBUG	Starting timer
1474358915966	addons.manager	DEBUG	Starting provider: PreviousExperimentProvider
1474358915967	addons.manager	DEBUG	Registering shutdown blocker for PreviousExperimentProvider
1474358915968	addons.manager	DEBUG	Provider finished startup: PreviousExperimentProvider
1474358916041	DeferredSave.extensions.json	DEBUG	Starting write
1474358916047	DeferredSave.addons.json	DEBUG	Starting write
1474358916860	DeferredSave.extensions.json	DEBUG	Write succeeded
1474358916866	DeferredSave.addons.json	DEBUG	Write succeeded

Build info: version: &amp;apos;2.47.1&amp;apos;, revision: &amp;apos;411b314&amp;apos;, time: &amp;apos;2015-07-30 02:56:46&amp;apos;
System info: host: &amp;apos;DrSupancomputer&amp;apos;, ip: &amp;apos;192.168.1.100&amp;apos;, os.name: &amp;apos;Windows 7&amp;apos;, os.arch: &amp;apos;amd64&amp;apos;, os.version: &amp;apos;6.1&amp;apos;, java.version: &amp;apos;1.8.0_25&amp;apos;
Driver info: driver.version: FirefoxDriver">
      <![CDATA[org.openqa.selenium.WebDriverException: Failed to connect to binary FirefoxBinary(C:\Program Files (x86)\Mozilla Firefox\firefox.exe) on port 7055; process output follows: 
ns":[{"id":"{ec8030f7-c20a-464f-9b0e-13a3a9e97384}","minVersion":"3.0","maxVersion":"3.9"}],"targetPlatforms":[],"multiprocessCompatible":false,"signedState":0}
1474358901724	addons.xpi	DEBUG	New add-on {27182e60-b5f3-411c-b545-b44205977502} installed in winreg-app-global
1474358901802	addons.xpi	WARN	Disabling foreign installed add-on {27182e60-b5f3-411c-b545-b44205977502} in winreg-app-global
1474358901802	addons.xpi-utils	DEBUG	Make addon winreg-app-global:{27182e60-b5f3-411c-b545-b44205977502} visible
1474358901803	DeferredSave.extensions.json	DEBUG	Save changes
1474358901803	DeferredSave.extensions.json	DEBUG	Save changes
1474358901803	addons.xpi	DEBUG	Updating XPIState for {"id":"{27182e60-b5f3-411c-b545-b44205977502}","syncGUID":"tD5t9s1jLYB9","location":"winreg-app-global","version":"1.0","type":"extension","internalName":null,"updateURL":null,"updateKey":null,"optionsURL":null,"optionsType":null,"aboutURL":null,"iconURL":null,"icon64URL":null,"defaultLocale":{"name":"Search Helper Extension","description":"Search Helper Extension","creator":"Microsoft Corporation","homepageURL":"http://www.microsoft.com"},"visible":true,"active":false,"userDisabled":true,"appDisabled":true,"descriptor":"C:\\Program Files (x86)\\Microsoft\\Search Enhancement Pack\\Search Helper\\firefoxextension\\SearchHelperExtension","installDate":1283362070357,"updateDate":1283362070357,"applyBackgroundUpdates":1,"bootstrap":false,"size":241230,"sourceURI":null,"releaseNotesURI":null,"softDisabled":false,"foreignInstall":true,"hasBinaryComponents":false,"strictCompatibility":false,"locales":[],"targetApplications":[{"id":"{ec8030f7-c20a-464f-9b0e-13a3a9e97384}","minVersion":"3.0","maxVersion":"3.*"}],"targetPlatforms":[],"multiprocessCompatible":false,"signedState":0}
1474358901804	addons.xpi	DEBUG	Updating database with changes to installed add-ons
1474358901804	addons.xpi-utils	DEBUG	Updating add-on states
1474358901805	addons.xpi-utils	DEBUG	Writing add-ons list
1474358901971	addons.manager	DEBUG	Registering shutdown blocker for XPIProvider
1474358901971	addons.manager	DEBUG	Provider finished startup: XPIProvider
1474358901971	addons.manager	DEBUG	Starting provider: LightweightThemeManager
1474358901972	addons.manager	DEBUG	Registering shutdown blocker for LightweightThemeManager
1474358901972	addons.manager	DEBUG	Provider finished startup: LightweightThemeManager
1474358901973	addons.manager	DEBUG	Starting provider: GMPProvider
1474358902051	addons.manager	DEBUG	Registering shutdown blocker for GMPProvider
1474358902053	addons.manager	DEBUG	Provider finished startup: GMPProvider
1474358902054	addons.manager	DEBUG	Starting provider: PluginProvider
1474358902054	addons.manager	DEBUG	Registering shutdown blocker for PluginProvider
1474358902055	addons.manager	DEBUG	Provider finished startup: PluginProvider
1474358902055	addons.manager	DEBUG	Completed startup sequence
1474358912374	addons.manager	DEBUG	Starting provider: <unnamed-provider>
1474358912374	addons.manager	DEBUG	Registering shutdown blocker for <unnamed-provider>
1474358912375	addons.manager	DEBUG	Provider finished startup: <unnamed-provider>
1474358915780	DeferredSave.extensions.json	DEBUG	Write succeeded
1474358915780	addons.xpi-utils	DEBUG	XPI Database saved, setting schema version preference to 17
1474358915780	DeferredSave.extensions.json	DEBUG	Starting timer
1474358915798	addons.repository	DEBUG	No addons.json found.
1474358915822	DeferredSave.addons.json	DEBUG	Save changes
1474358915849	DeferredSave.addons.json	DEBUG	Starting timer
1474358915966	addons.manager	DEBUG	Starting provider: PreviousExperimentProvider
1474358915967	addons.manager	DEBUG	Registering shutdown blocker for PreviousExperimentProvider
1474358915968	addons.manager	DEBUG	Provider finished startup: PreviousExperimentProvider
1474358916041	DeferredSave.extensions.json	DEBUG	Starting write
1474358916047	DeferredSave.addons.json	DEBUG	Starting write
1474358916860	DeferredSave.extensions.json	DEBUG	Write succeeded
1474358916866	DeferredSave.addons.json	DEBUG	Write succeeded

Build info: version: '2.47.1', revision: '411b314', time: '2015-07-30 02:56:46'
System info: host: 'DrSupancomputer', ip: '192.168.1.100', os.name: 'Windows 7', os.arch: 'amd64', os.version: '6.1', java.version: '1.8.0_25'
Driver info: driver.version: FirefoxDriver
	at org.openqa.selenium.firefox.internal.NewProfileExtensionConnection.start(NewProfileExtensionConnection.java:134)
	at org.openqa.selenium.firefox.FirefoxDriver.startClient(FirefoxDriver.java:276)
	at org.openqa.selenium.remote.RemoteWebDriver.<init>(RemoteWebDriver.java:116)
	at org.openqa.selenium.firefox.FirefoxDriver.<init>(FirefoxDriver.java:223)
	at org.openqa.selenium.firefox.FirefoxDriver.<init>(FirefoxDriver.java:216)
	at org.openqa.selenium.firefox.FirefoxDriver.<init>(FirefoxDriver.java:212)
	at org.openqa.selenium.firefox.FirefoxDriver.<init>(FirefoxDriver.java:125)
	at com.gmail.tests.ParameterSample.SetUpFF(ParameterSample.java:51)
	at sun.reflect.NativeMethodAccessorImpl.invoke0(Native Method)
	at sun.reflect.NativeMethodAccessorImpl.invoke(NativeMethodAccessorImpl.java:62)
	at sun.reflect.DelegatingMethodAccessorImpl.invoke(DelegatingMethodAccessorImpl.java:43)
	at java.lang.reflect.Method.invoke(Method.java:483)
	at org.testng.internal.MethodInvocationHelper.invokeMethod(MethodInvocationHelper.java:84)
	at org.testng.internal.Invoker.invokeConfigurationMethod(Invoker.java:564)
	at org.testng.internal.Invoker.invokeConfigurations(Invoker.java:213)
	at org.testng.internal.Invoker.invokeConfigurations(Invoker.java:138)
	at org.testng.internal.TestMethodWorker.invokeBeforeClassMethods(TestMethodWorker.java:175)
	at org.testng.internal.TestMethodWorker.run(TestMethodWorker.java:107)
	at org.testng.TestRunner.privateRun(TestRunner.java:767)
	at org.testng.TestRunner.run(TestRunner.java:617)
	at org.testng.SuiteRunner.runTest(SuiteRunner.java:334)
	at org.testng.SuiteRunner.runSequentially(SuiteRunner.java:329)
	at org.testng.SuiteRunner.privateRun(SuiteRunner.java:291)
	at org.testng.SuiteRunner.run(SuiteRunner.java:240)
	at org.testng.SuiteRunnerWorker.runSuite(SuiteRunnerWorker.java:52)
	at org.testng.SuiteRunnerWorker.run(SuiteRunnerWorker.java:86)
	at org.testng.TestNG.runSuitesSequentially(TestNG.java:1224)
	at org.testng.TestNG.runSuitesLocally(TestNG.java:1149)
	at org.testng.TestNG.run(TestNG.java:1057)
	at org.testng.remote.RemoteTestNG.run(RemoteTestNG.java:111)
	at org.testng.remote.RemoteTestNG.initAndRun(RemoteTestNG.java:204)
	at org.testng.remote.RemoteTestNG.main(RemoteTestNG.java:175)
Caused by: org.openqa.selenium.firefox.NotConnectedException: Unable to connect to host 127.0.0.1 on port 7055 after 45000 ms. Firefox console output:
ns":[{"id":"{ec8030f7-c20a-464f-9b0e-13a3a9e97384}","minVersion":"3.0","maxVersion":"3.9"}],"targetPlatforms":[],"multiprocessCompatible":false,"signedState":0}
1474358901724	addons.xpi	DEBUG	New add-on {27182e60-b5f3-411c-b545-b44205977502} installed in winreg-app-global
1474358901802	addons.xpi	WARN	Disabling foreign installed add-on {27182e60-b5f3-411c-b545-b44205977502} in winreg-app-global
1474358901802	addons.xpi-utils	DEBUG	Make addon winreg-app-global:{27182e60-b5f3-411c-b545-b44205977502} visible
1474358901803	DeferredSave.extensions.json	DEBUG	Save changes
1474358901803	DeferredSave.extensions.json	DEBUG	Save changes
1474358901803	addons.xpi	DEBUG	Updating XPIState for {"id":"{27182e60-b5f3-411c-b545-b44205977502}","syncGUID":"tD5t9s1jLYB9","location":"winreg-app-global","version":"1.0","type":"extension","internalName":null,"updateURL":null,"updateKey":null,"optionsURL":null,"optionsType":null,"aboutURL":null,"iconURL":null,"icon64URL":null,"defaultLocale":{"name":"Search Helper Extension","description":"Search Helper Extension","creator":"Microsoft Corporation","homepageURL":"http://www.microsoft.com"},"visible":true,"active":false,"userDisabled":true,"appDisabled":true,"descriptor":"C:\\Program Files (x86)\\Microsoft\\Search Enhancement Pack\\Search Helper\\firefoxextension\\SearchHelperExtension","installDate":1283362070357,"updateDate":1283362070357,"applyBackgroundUpdates":1,"bootstrap":false,"size":241230,"sourceURI":null,"releaseNotesURI":null,"softDisabled":false,"foreignInstall":true,"hasBinaryComponents":false,"strictCompatibility":false,"locales":[],"targetApplications":[{"id":"{ec8030f7-c20a-464f-9b0e-13a3a9e97384}","minVersion":"3.0","maxVersion":"3.*"}],"targetPlatforms":[],"multiprocessCompatible":false,"signedState":0}
1474358901804	addons.xpi	DEBUG	Updating database with changes to installed add-ons
1474358901804	addons.xpi-utils	DEBUG	Updating add-on states
1474358901805	addons.xpi-utils	DEBUG	Writing add-ons list
1474358901971	addons.manager	DEBUG	Registering shutdown blocker for XPIProvider
1474358901971	addons.manager	DEBUG	Provider finished startup: XPIProvider
1474358901971	addons.manager	DEBUG	Starting provider: LightweightThemeManager
1474358901972	addons.manager	DEBUG	Registering shutdown blocker for LightweightThemeManager
1474358901972	addons.manager	DEBUG	Provider finished startup: LightweightThemeManager
1474358901973	addons.manager	DEBUG	Starting provider: GMPProvider
1474358902051	addons.manager	DEBUG	Registering shutdown blocker for GMPProvider
1474358902053	addons.manager	DEBUG	Provider finished startup: GMPProvider
1474358902054	addons.manager	DEBUG	Starting provider: PluginProvider
1474358902054	addons.manager	DEBUG	Registering shutdown blocker for PluginProvider
1474358902055	addons.manager	DEBUG	Provider finished startup: PluginProvider
1474358902055	addons.manager	DEBUG	Completed startup sequence
1474358912374	addons.manager	DEBUG	Starting provider: <unnamed-provider>
1474358912374	addons.manager	DEBUG	Registering shutdown blocker for <unnamed-provider>
1474358912375	addons.manager	DEBUG	Provider finished startup: <unnamed-provider>
1474358915780	DeferredSave.extensions.json	DEBUG	Write succeeded
1474358915780	addons.xpi-utils	DEBUG	XPI Database saved, setting schema version preference to 17
1474358915780	DeferredSave.extensions.json	DEBUG	Starting timer
1474358915798	addons.repository	DEBUG	No addons.json found.
1474358915822	DeferredSave.addons.json	DEBUG	Save changes
1474358915849	DeferredSave.addons.json	DEBUG	Starting timer
1474358915966	addons.manager	DEBUG	Starting provider: PreviousExperimentProvider
1474358915967	addons.manager	DEBUG	Registering shutdown blocker for PreviousExperimentProvider
1474358915968	addons.manager	DEBUG	Provider finished startup: PreviousExperimentProvider
1474358916041	DeferredSave.extensions.json	DEBUG	Starting write
1474358916047	DeferredSave.addons.json	DEBUG	Starting write
1474358916860	DeferredSave.extensions.json	DEBUG	Write succeeded
1474358916866	DeferredSave.addons.json	DEBUG	Write succeeded

	at org.openqa.selenium.firefox.internal.NewProfileExtensionConnection.start(NewProfileExtensionConnection.java:122)
	... 31 more
]]>
    </failure>
  </testcase> <!-- @BeforeClass SetUpFF -->
  <testcase name="Test_SignInToEnteringEmailWithFF" time="0.0" classname="com.gmail.tests.ParameterSample">
    <skipped/>
  </testcase> <!-- Test_SignInToEnteringEmailWithFF -->
</testsuite> <!-- Default test -->
