<?xml version="1.0" encoding="UTF-8"?>
<testng-results skipped="0" failed="0" total="1" passed="1">
  <reporter-output>
  </reporter-output>
  <suite name="Suite1" duration-ms="115252" started-at="2016-09-20T08:10:49Z" finished-at="2016-09-20T08:12:44Z">
    <groups>
    </groups>
    <test name="Node_2" duration-ms="115252" started-at="2016-09-20T08:10:49Z" finished-at="2016-09-20T08:12:44Z">
      <class name="com.gmail.tests.ParameterSample">
        <test-method status="PASS" signature="SetUpFF()[pri:0, instance:com.gmail.tests.ParameterSample@c818063]" name="SetUpFF" is-config="true" duration-ms="61659" started-at="2016-09-20T09:10:49Z" finished-at="2016-09-20T09:11:50Z">
          <reporter-output>
          </reporter-output>
        </test-method> <!-- SetUpFF -->
        <test-method status="PASS" signature="Test_SignInToEnteringEmailWithFF()[pri:0, instance:com.gmail.tests.ParameterSample@c818063]" name="Test_SignInToEnteringEmailWithFF" duration-ms="53495" started-at="2016-09-20T09:11:50Z" finished-at="2016-09-20T09:12:44Z">
          <reporter-output>
          </reporter-output>
        </test-method> <!-- Test_SignInToEnteringEmailWithFF -->
      </class> <!-- com.gmail.tests.ParameterSample -->
    </test> <!-- Node_2 -->
  </suite> <!-- Suite1 -->
</testng-results>
